{"/workspaces/mini-redis/src/mini-redis.js": {"path":"/workspaces/mini-redis/src/mini-redis.js","statementMap":{"0":{"start":{"line":1,"column":15},"end":{"line":1,"column":37}},"1":{"start":{"line":2,"column":14},"end":{"line":2,"column":36}},"2":{"start":{"line":6,"column":8},"end":{"line":6,"column":26}},"3":{"start":{"line":7,"column":8},"end":{"line":18,"column":9}},"4":{"start":{"line":8,"column":77},"end":{"line":8,"column":101}},"5":{"start":{"line":9,"column":74},"end":{"line":9,"column":98}},"6":{"start":{"line":10,"column":74},"end":{"line":10,"column":98}},"7":{"start":{"line":11,"column":68},"end":{"line":11,"column":88}},"8":{"start":{"line":12,"column":75},"end":{"line":12,"column":100}},"9":{"start":{"line":13,"column":75},"end":{"line":13,"column":100}},"10":{"start":{"line":14,"column":76},"end":{"line":14,"column":102}},"11":{"start":{"line":15,"column":76},"end":{"line":15,"column":102}},"12":{"start":{"line":16,"column":77},"end":{"line":16,"column":104}},"13":{"start":{"line":17,"column":75},"end":{"line":17,"column":100}},"14":{"start":{"line":22,"column":30},"end":{"line":22,"column":112}},"15":{"start":{"line":23,"column":25},"end":{"line":23,"column":81}},"16":{"start":{"line":23,"column":62},"end":{"line":23,"column":80}},"17":{"start":{"line":24,"column":31},"end":{"line":24,"column":66}},"18":{"start":{"line":27,"column":8},"end":{"line":38,"column":9}},"19":{"start":{"line":28,"column":28},"end":{"line":28,"column":39}},"20":{"start":{"line":29,"column":46},"end":{"line":29,"column":116}},"21":{"start":{"line":31,"column":12},"end":{"line":35,"column":13}},"22":{"start":{"line":32,"column":16},"end":{"line":32,"column":78}},"23":{"start":{"line":34,"column":16},"end":{"line":34,"column":51}},"24":{"start":{"line":37,"column":12},"end":{"line":37,"column":49}},"25":{"start":{"line":42,"column":34},"end":{"line":42,"column":51}},"26":{"start":{"line":43,"column":33},"end":{"line":43,"column":55}},"27":{"start":{"line":45,"column":8},"end":{"line":58,"column":9}},"28":{"start":{"line":46,"column":35},"end":{"line":46,"column":85}},"29":{"start":{"line":47,"column":12},"end":{"line":54,"column":13}},"30":{"start":{"line":48,"column":32},"end":{"line":48,"column":54}},"31":{"start":{"line":49,"column":16},"end":{"line":49,"column":42}},"32":{"start":{"line":50,"column":16},"end":{"line":52,"column":28}},"33":{"start":{"line":51,"column":20},"end":{"line":51,"column":45}},"34":{"start":{"line":56,"column":12},"end":{"line":56,"column":38}},"35":{"start":{"line":57,"column":12},"end":{"line":57,"column":24}},"36":{"start":{"line":62,"column":27},"end":{"line":62,"column":45}},"37":{"start":{"line":64,"column":8},"end":{"line":64,"column":68}},"38":{"start":{"line":68,"column":27},"end":{"line":68,"column":45}},"39":{"start":{"line":69,"column":8},"end":{"line":74,"column":9}},"40":{"start":{"line":70,"column":12},"end":{"line":70,"column":37}},"41":{"start":{"line":71,"column":12},"end":{"line":71,"column":24}},"42":{"start":{"line":73,"column":12},"end":{"line":73,"column":58}},"43":{"start":{"line":78,"column":8},"end":{"line":78,"column":48}},"44":{"start":{"line":82,"column":8},"end":{"line":93,"column":9}},"45":{"start":{"line":83,"column":37},"end":{"line":83,"column":59}},"46":{"start":{"line":84,"column":29},"end":{"line":84,"column":105}},"47":{"start":{"line":85,"column":12},"end":{"line":90,"column":13}},"48":{"start":{"line":86,"column":16},"end":{"line":86,"column":72}},"49":{"start":{"line":87,"column":16},"end":{"line":87,"column":41}},"50":{"start":{"line":89,"column":16},"end":{"line":89,"column":59}},"51":{"start":{"line":92,"column":12},"end":{"line":92,"column":45}},"52":{"start":{"line":99,"column":8},"end":{"line":113,"column":9}},"53":{"start":{"line":100,"column":12},"end":{"line":107,"column":13}},"54":{"start":{"line":101,"column":16},"end":{"line":101,"column":73}},"55":{"start":{"line":102,"column":16},"end":{"line":102,"column":83}},"56":{"start":{"line":102,"column":56},"end":{"line":102,"column":80}},"57":{"start":{"line":103,"column":16},"end":{"line":103,"column":28}},"58":{"start":{"line":106,"column":16},"end":{"line":106,"column":49}},"59":{"start":{"line":110,"column":12},"end":{"line":110,"column":35}},"60":{"start":{"line":111,"column":12},"end":{"line":111,"column":68}},"61":{"start":{"line":112,"column":12},"end":{"line":112,"column":24}},"62":{"start":{"line":117,"column":21},"end":{"line":117,"column":129}},"63":{"start":{"line":118,"column":8},"end":{"line":118,"column":20}},"64":{"start":{"line":122,"column":26},"end":{"line":122,"column":83}},"65":{"start":{"line":122,"column":55},"end":{"line":122,"column":66}},"66":{"start":{"line":123,"column":8},"end":{"line":123,"column":66}},"67":{"start":{"line":127,"column":22},"end":{"line":127,"column":99}},"68":{"start":{"line":127,"column":52},"end":{"line":127,"column":63}},"69":{"start":{"line":129,"column":8},"end":{"line":129,"column":69}},"70":{"start":{"line":133,"column":21},"end":{"line":133,"column":46}},"71":{"start":{"line":134,"column":27},"end":{"line":134,"column":45}},"72":{"start":{"line":135,"column":8},"end":{"line":135,"column":26}},"73":{"start":{"line":139,"column":0},"end":{"line":139,"column":27}}},"fnMap":{"0":{"name":"(anonymous_0)","decl":{"start":{"line":5,"column":4},"end":{"line":5,"column":5}},"loc":{"start":{"line":5,"column":18},"end":{"line":19,"column":5}},"line":5},"1":{"name":"(anonymous_1)","decl":{"start":{"line":8,"column":50},"end":{"line":8,"column":51}},"loc":{"start":{"line":8,"column":75},"end":{"line":8,"column":103}},"line":8},"2":{"name":"(anonymous_2)","decl":{"start":{"line":9,"column":47},"end":{"line":9,"column":48}},"loc":{"start":{"line":9,"column":72},"end":{"line":9,"column":100}},"line":9},"3":{"name":"(anonymous_3)","decl":{"start":{"line":10,"column":47},"end":{"line":10,"column":48}},"loc":{"start":{"line":10,"column":72},"end":{"line":10,"column":100}},"line":10},"4":{"name":"(anonymous_4)","decl":{"start":{"line":11,"column":50},"end":{"line":11,"column":51}},"loc":{"start":{"line":11,"column":66},"end":{"line":11,"column":90}},"line":11},"5":{"name":"(anonymous_5)","decl":{"start":{"line":12,"column":48},"end":{"line":12,"column":49}},"loc":{"start":{"line":12,"column":73},"end":{"line":12,"column":102}},"line":12},"6":{"name":"(anonymous_6)","decl":{"start":{"line":13,"column":48},"end":{"line":13,"column":49}},"loc":{"start":{"line":13,"column":73},"end":{"line":13,"column":102}},"line":13},"7":{"name":"(anonymous_7)","decl":{"start":{"line":14,"column":49},"end":{"line":14,"column":50}},"loc":{"start":{"line":14,"column":74},"end":{"line":14,"column":104}},"line":14},"8":{"name":"(anonymous_8)","decl":{"start":{"line":15,"column":49},"end":{"line":15,"column":50}},"loc":{"start":{"line":15,"column":74},"end":{"line":15,"column":104}},"line":15},"9":{"name":"(anonymous_9)","decl":{"start":{"line":16,"column":50},"end":{"line":16,"column":51}},"loc":{"start":{"line":16,"column":75},"end":{"line":16,"column":106}},"line":16},"10":{"name":"(anonymous_10)","decl":{"start":{"line":17,"column":48},"end":{"line":17,"column":49}},"loc":{"start":{"line":17,"column":73},"end":{"line":17,"column":102}},"line":17},"11":{"name":"(anonymous_11)","decl":{"start":{"line":21,"column":4},"end":{"line":21,"column":5}},"loc":{"start":{"line":21,"column":30},"end":{"line":39,"column":5}},"line":21},"12":{"name":"(anonymous_12)","decl":{"start":{"line":23,"column":54},"end":{"line":23,"column":55}},"loc":{"start":{"line":23,"column":62},"end":{"line":23,"column":80}},"line":23},"13":{"name":"(anonymous_13)","decl":{"start":{"line":41,"column":4},"end":{"line":41,"column":5}},"loc":{"start":{"line":41,"column":38},"end":{"line":60,"column":5}},"line":41},"14":{"name":"(anonymous_14)","decl":{"start":{"line":50,"column":27},"end":{"line":50,"column":28}},"loc":{"start":{"line":50,"column":33},"end":{"line":52,"column":17}},"line":50},"15":{"name":"(anonymous_15)","decl":{"start":{"line":61,"column":4},"end":{"line":61,"column":5}},"loc":{"start":{"line":61,"column":22},"end":{"line":65,"column":5}},"line":61},"16":{"name":"(anonymous_16)","decl":{"start":{"line":67,"column":4},"end":{"line":67,"column":5}},"loc":{"start":{"line":67,"column":22},"end":{"line":75,"column":5}},"line":67},"17":{"name":"(anonymous_17)","decl":{"start":{"line":77,"column":4},"end":{"line":77,"column":5}},"loc":{"start":{"line":77,"column":13},"end":{"line":79,"column":5}},"line":77},"18":{"name":"(anonymous_18)","decl":{"start":{"line":81,"column":4},"end":{"line":81,"column":5}},"loc":{"start":{"line":81,"column":23},"end":{"line":96,"column":5}},"line":81},"19":{"name":"(anonymous_19)","decl":{"start":{"line":98,"column":4},"end":{"line":98,"column":5}},"loc":{"start":{"line":98,"column":38},"end":{"line":114,"column":5}},"line":98},"20":{"name":"(anonymous_20)","decl":{"start":{"line":102,"column":39},"end":{"line":102,"column":40}},"loc":{"start":{"line":102,"column":55},"end":{"line":102,"column":81}},"line":102},"21":{"name":"(anonymous_21)","decl":{"start":{"line":116,"column":4},"end":{"line":116,"column":5}},"loc":{"start":{"line":116,"column":24},"end":{"line":119,"column":5}},"line":116},"22":{"name":"(anonymous_22)","decl":{"start":{"line":121,"column":4},"end":{"line":121,"column":5}},"loc":{"start":{"line":121,"column":32},"end":{"line":124,"column":5}},"line":121},"23":{"name":"(anonymous_23)","decl":{"start":{"line":122,"column":48},"end":{"line":122,"column":49}},"loc":{"start":{"line":122,"column":55},"end":{"line":122,"column":66}},"line":122},"24":{"name":"(anonymous_24)","decl":{"start":{"line":126,"column":4},"end":{"line":126,"column":5}},"loc":{"start":{"line":126,"column":38},"end":{"line":130,"column":5}},"line":126},"25":{"name":"(anonymous_25)","decl":{"start":{"line":127,"column":44},"end":{"line":127,"column":45}},"loc":{"start":{"line":127,"column":52},"end":{"line":127,"column":63}},"line":127},"26":{"name":"(anonymous_26)","decl":{"start":{"line":132,"column":4},"end":{"line":132,"column":5}},"loc":{"start":{"line":132,"column":18},"end":{"line":136,"column":5}},"line":132}},"branchMap":{"0":{"loc":{"start":{"line":27,"column":8},"end":{"line":38,"column":9}},"type":"if","locations":[{"start":{"line":27,"column":8},"end":{"line":38,"column":9}},{"start":{"line":36,"column":15},"end":{"line":38,"column":9}}],"line":27},"1":{"loc":{"start":{"line":31,"column":12},"end":{"line":35,"column":13}},"type":"if","locations":[{"start":{"line":31,"column":12},"end":{"line":35,"column":13}},{"start":{"line":33,"column":19},"end":{"line":35,"column":13}}],"line":31},"2":{"loc":{"start":{"line":45,"column":8},"end":{"line":58,"column":9}},"type":"if","locations":[{"start":{"line":45,"column":8},"end":{"line":58,"column":9}},{"start":{"line":55,"column":15},"end":{"line":58,"column":9}}],"line":45},"3":{"loc":{"start":{"line":46,"column":35},"end":{"line":46,"column":85}},"type":"binary-expr","locations":[{"start":{"line":46,"column":35},"end":{"line":46,"column":51}},{"start":{"line":46,"column":55},"end":{"line":46,"column":85}}],"line":46},"4":{"loc":{"start":{"line":47,"column":12},"end":{"line":54,"column":13}},"type":"if","locations":[{"start":{"line":47,"column":12},"end":{"line":54,"column":13}},{"start":{},"end":{}}],"line":47},"5":{"loc":{"start":{"line":64,"column":15},"end":{"line":64,"column":67}},"type":"cond-expr","locations":[{"start":{"line":64,"column":28},"end":{"line":64,"column":45}},{"start":{"line":64,"column":48},"end":{"line":64,"column":67}}],"line":64},"6":{"loc":{"start":{"line":69,"column":8},"end":{"line":74,"column":9}},"type":"if","locations":[{"start":{"line":69,"column":8},"end":{"line":74,"column":9}},{"start":{"line":72,"column":15},"end":{"line":74,"column":9}}],"line":69},"7":{"loc":{"start":{"line":82,"column":8},"end":{"line":93,"column":9}},"type":"if","locations":[{"start":{"line":82,"column":8},"end":{"line":93,"column":9}},{"start":{"line":91,"column":15},"end":{"line":93,"column":9}}],"line":82},"8":{"loc":{"start":{"line":84,"column":29},"end":{"line":84,"column":105}},"type":"binary-expr","locations":[{"start":{"line":84,"column":29},"end":{"line":84,"column":69}},{"start":{"line":84,"column":73},"end":{"line":84,"column":105}}],"line":84},"9":{"loc":{"start":{"line":85,"column":12},"end":{"line":90,"column":13}},"type":"if","locations":[{"start":{"line":85,"column":12},"end":{"line":90,"column":13}},{"start":{"line":88,"column":19},"end":{"line":90,"column":13}}],"line":85},"10":{"loc":{"start":{"line":99,"column":8},"end":{"line":113,"column":9}},"type":"if","locations":[{"start":{"line":99,"column":8},"end":{"line":113,"column":9}},{"start":{"line":109,"column":15},"end":{"line":113,"column":9}}],"line":99},"11":{"loc":{"start":{"line":100,"column":12},"end":{"line":107,"column":13}},"type":"if","locations":[{"start":{"line":100,"column":12},"end":{"line":107,"column":13}},{"start":{"line":105,"column":19},"end":{"line":107,"column":13}}],"line":100},"12":{"loc":{"start":{"line":117,"column":21},"end":{"line":117,"column":129}},"type":"cond-expr","locations":[{"start":{"line":117,"column":77},"end":{"line":117,"column":101}},{"start":{"line":117,"column":104},"end":{"line":117,"column":129}}],"line":117},"13":{"loc":{"start":{"line":117,"column":21},"end":{"line":117,"column":74}},"type":"binary-expr","locations":[{"start":{"line":117,"column":21},"end":{"line":117,"column":40}},{"start":{"line":117,"column":44},"end":{"line":117,"column":74}}],"line":117},"14":{"loc":{"start":{"line":123,"column":15},"end":{"line":123,"column":65}},"type":"cond-expr","locations":[{"start":{"line":123,"column":34},"end":{"line":123,"column":53}},{"start":{"line":123,"column":56},"end":{"line":123,"column":65}}],"line":123},"15":{"loc":{"start":{"line":129,"column":15},"end":{"line":129,"column":68}},"type":"cond-expr","locations":[{"start":{"line":129,"column":25},"end":{"line":129,"column":30}},{"start":{"line":129,"column":33},"end":{"line":129,"column":68}}],"line":129}},"s":{"0":1,"1":1,"2":1,"3":1,"4":1,"5":0,"6":0,"7":0,"8":0,"9":0,"10":0,"11":0,"12":0,"13":0,"14":2,"15":2,"16":5,"17":2,"18":2,"19":2,"20":2,"21":2,"22":1,"23":1,"24":0,"25":1,"26":1,"27":1,"28":0,"29":0,"30":0,"31":0,"32":0,"33":0,"34":1,"35":1,"36":0,"37":0,"38":0,"39":0,"40":0,"41":0,"42":0,"43":0,"44":0,"45":0,"46":0,"47":0,"48":0,"49":0,"50":0,"51":0,"52":0,"53":0,"54":0,"55":0,"56":0,"57":0,"58":0,"59":0,"60":0,"61":0,"62":0,"63":0,"64":0,"65":0,"66":0,"67":0,"68":0,"69":0,"70":0,"71":0,"72":0,"73":1},"f":{"0":1,"1":1,"2":0,"3":0,"4":0,"5":0,"6":0,"7":0,"8":0,"9":0,"10":0,"11":2,"12":5,"13":1,"14":0,"15":0,"16":0,"17":0,"18":0,"19":0,"20":0,"21":0,"22":0,"23":0,"24":0,"25":0,"26":0},"b":{"0":[2,0],"1":[1,1],"2":[0,1],"3":[0,0],"4":[0,0],"5":[0,0],"6":[0,0],"7":[0,0],"8":[0,0],"9":[0,0],"10":[0,0],"11":[0,0],"12":[0,0],"13":[0,0],"14":[0,0],"15":[0,0]},"_coverageSchema":"1a1c01bbd47fc00a2c39e90264f33305004495a9","hash":"dd3828a141b9be7a782c0336131927d7e6eb45e3"}
}
